[debug] [2025-04-14T23:14:09.852Z] ----------------------------------------------------------------------
[debug] [2025-04-14T23:14:09.860Z] Command:       C:\Program Files\nodejs\node.exe C:\Users\jrlom\AppData\Roaming\npm\node_modules\firebase-tools\lib\bin\firebase.js init
[debug] [2025-04-14T23:14:09.861Z] CLI Version:   14.1.0
[debug] [2025-04-14T23:14:09.861Z] Platform:      win32
[debug] [2025-04-14T23:14:09.861Z] Node Version:  v20.12.2
[debug] [2025-04-14T23:14:09.862Z] Time:          Mon Apr 14 2025 20:14:09 GMT-0300 (Horário Padrão de Brasília)
[debug] [2025-04-14T23:14:09.862Z] ----------------------------------------------------------------------
[debug] 
[debug] [2025-04-14T23:14:09.879Z] > command requires scopes: ["email","openid","https://www.googleapis.com/auth/cloudplatformprojects.readonly","https://www.googleapis.com/auth/firebase","https://www.googleapis.com/auth/cloud-platform"]
[debug] [2025-04-14T23:14:09.880Z] > authorizing via signed-in user (worldscreen07@gmail.com)
[info] 
     ######## #### ########  ######## ########     ###     ######  ########
     ##        ##  ##     ## ##       ##     ##  ##   ##  ##       ##
     ######    ##  ########  ######   ########  #########  ######  ######
     ##        ##  ##    ##  ##       ##     ## ##     ##       ## ##
     ##       #### ##     ## ######## ########  ##     ##  ######  ########

You're about to initialize a Firebase project in this directory:

  C:\Users\jrlom\OneDrive\Área de Trabalho\XD

[info] 
=== Project Setup
[info] 
[info] First, let's associate this project directory with a Firebase project.
[info] You can create multiple project aliases by running firebase use --add, 
[info] but for now we'll just set up a default project.
[info] 
[debug] [2025-04-14T23:14:44.138Z] Checked if tokens are valid: true, expires at: 1744674645368
[debug] [2025-04-14T23:14:44.139Z] Checked if tokens are valid: true, expires at: 1744674645368
[debug] [2025-04-14T23:14:44.150Z] >>> [apiv2][query] GET https://firebase.googleapis.com/v1beta1/projects pageSize=100
[debug] [2025-04-14T23:14:45.437Z] <<< [apiv2][status] GET https://firebase.googleapis.com/v1beta1/projects 200
[debug] [2025-04-14T23:14:45.438Z] <<< [apiv2][body] GET https://firebase.googleapis.com/v1beta1/projects [omitted]
[info] i  Using project xd-soluction (XD SOLUCTION) 
[info] 
=== Dataconnect Setup
[debug] [2025-04-14T23:14:47.476Z] Checked if tokens are valid: true, expires at: 1744674645368
[debug] [2025-04-14T23:14:47.477Z] Checked if tokens are valid: true, expires at: 1744674645368
[debug] [2025-04-14T23:14:47.478Z] >>> [apiv2][query] GET https://cloudbilling.googleapis.com/v1/projects/xd-soluction/billingInfo [none]
[debug] [2025-04-14T23:14:48.839Z] <<< [apiv2][status] GET https://cloudbilling.googleapis.com/v1/projects/xd-soluction/billingInfo 200
[debug] [2025-04-14T23:14:48.840Z] <<< [apiv2][body] GET https://cloudbilling.googleapis.com/v1/projects/xd-soluction/billingInfo {"name":"projects/xd-soluction/billingInfo","projectId":"xd-soluction","billingAccountName":"","billingEnabled":false}
[info] i  dataconnect: ensuring required API sqladmin.googleapis.com is enabled... 
[debug] [2025-04-14T23:14:48.845Z] Checked if tokens are valid: true, expires at: 1744674645368
[debug] [2025-04-14T23:14:48.846Z] Checked if tokens are valid: true, expires at: 1744674645368
[debug] [2025-04-14T23:14:48.847Z] >>> [apiv2][query] GET https://serviceusage.googleapis.com/v1/projects/xd-soluction/services/sqladmin.googleapis.com [none]
[debug] [2025-04-14T23:14:48.847Z] >>> [apiv2][(partial)header] GET https://serviceusage.googleapis.com/v1/projects/xd-soluction/services/sqladmin.googleapis.com x-goog-quota-user=projects/xd-soluction
[debug] [2025-04-14T23:14:50.011Z] <<< [apiv2][status] GET https://serviceusage.googleapis.com/v1/projects/xd-soluction/services/sqladmin.googleapis.com 200
[debug] [2025-04-14T23:14:50.012Z] <<< [apiv2][body] GET https://serviceusage.googleapis.com/v1/projects/xd-soluction/services/sqladmin.googleapis.com [omitted]
[info] +  dataconnect: required API sqladmin.googleapis.com is enabled 
[info] i  dataconnect\dataconnect.yaml is unchanged 
[info] i  dataconnect\schema\schema.gql is unchanged 
[info] i  dataconnect\connector\connector.yaml is unchanged 
[info] i  dataconnect\connector\queries.gql is unchanged 
[info] i  dataconnect\connector\mutations.gql is unchanged 
[info] i  If you'd like to add the generated SDK to your app later, run firebase init dataconnect:sdk 
[info] i  If you'd like to provision a CloudSQL Postgres instance on the Firebase Data Connect no-cost trial:
1. Please upgrade to the pay-as-you-go (Blaze) billing plan. Visit the following page:
     https://console.firebase.google.com/project/xd-soluction/usage/details
2. Run firebase init dataconnect again to configure the Cloud SQL instance.
3. Run firebase deploy --only dataconnect to deploy your Data Connect service. 
[info] 
=== Firestore Setup
[debug] [2025-04-14T23:14:50.051Z] Checked if tokens are valid: true, expires at: 1744674645368
[debug] [2025-04-14T23:14:50.052Z] Checked if tokens are valid: true, expires at: 1744674645368
[debug] [2025-04-14T23:14:50.052Z] >>> [apiv2][query] GET https://serviceusage.googleapis.com/v1/projects/xd-soluction/services/firestore.googleapis.com [none]
[debug] [2025-04-14T23:14:50.053Z] >>> [apiv2][(partial)header] GET https://serviceusage.googleapis.com/v1/projects/xd-soluction/services/firestore.googleapis.com x-goog-quota-user=projects/xd-soluction
[debug] [2025-04-14T23:14:50.391Z] <<< [apiv2][status] GET https://serviceusage.googleapis.com/v1/projects/xd-soluction/services/firestore.googleapis.com 200
[debug] [2025-04-14T23:14:50.392Z] <<< [apiv2][body] GET https://serviceusage.googleapis.com/v1/projects/xd-soluction/services/firestore.googleapis.com [omitted]
[debug] [2025-04-14T23:14:50.392Z] Checked if tokens are valid: true, expires at: 1744674645368
[debug] [2025-04-14T23:14:50.392Z] Checked if tokens are valid: true, expires at: 1744674645368
[debug] [2025-04-14T23:14:50.393Z] >>> [apiv2][query] GET https://firestore.googleapis.com/v1/projects/xd-soluction/databases/(default) [none]
[debug] [2025-04-14T23:14:50.741Z] <<< [apiv2][status] GET https://firestore.googleapis.com/v1/projects/xd-soluction/databases/(default) 200
[debug] [2025-04-14T23:14:50.743Z] <<< [apiv2][body] GET https://firestore.googleapis.com/v1/projects/xd-soluction/databases/(default) {"name":"projects/xd-soluction/databases/(default)","uid":"437b7b83-dcb4-42b3-80dd-e9bbeb21cdcd","createTime":"2025-04-14T23:11:17.855033Z","updateTime":"2025-04-14T23:11:17.855033Z","locationId":"southamerica-east1","type":"FIRESTORE_NATIVE","concurrencyMode":"PESSIMISTIC","versionRetentionPeriod":"3600s","earliestVersionTime":"2025-04-14T23:11:17.855033Z","appEngineIntegrationMode":"DISABLED","keyPrefix":"i","pointInTimeRecoveryEnablement":"POINT_IN_TIME_RECOVERY_DISABLED","deleteProtectionState":"DELETE_PROTECTION_DISABLED","databaseEdition":"STANDARD","freeTier":true,"etag":"IJudkcHT2IwDMLn2+9rS2IwD"}
[debug] [2025-04-14T23:14:50.743Z] database_type: FIRESTORE_NATIVE
[debug] [2025-04-14T23:14:50.743Z] database_type: FIRESTORE_NATIVE
[debug] [2025-04-14T23:14:50.745Z] > command requires scopes: ["email","openid","https://www.googleapis.com/auth/cloudplatformprojects.readonly","https://www.googleapis.com/auth/firebase","https://www.googleapis.com/auth/cloud-platform"]
[debug] [2025-04-14T23:14:50.747Z] > authorizing via signed-in user (worldscreen07@gmail.com)
[debug] [2025-04-14T23:14:50.747Z] [iam] checking project xd-soluction for permissions ["firebase.projects.get"]
[debug] [2025-04-14T23:14:50.751Z] Checked if tokens are valid: true, expires at: 1744674645368
[debug] [2025-04-14T23:14:50.751Z] Checked if tokens are valid: true, expires at: 1744674645368
[debug] [2025-04-14T23:14:50.752Z] >>> [apiv2][query] POST https://cloudresourcemanager.googleapis.com/v1/projects/xd-soluction:testIamPermissions [none]
[debug] [2025-04-14T23:14:50.753Z] >>> [apiv2][(partial)header] POST https://cloudresourcemanager.googleapis.com/v1/projects/xd-soluction:testIamPermissions x-goog-quota-user=projects/xd-soluction
[debug] [2025-04-14T23:14:50.753Z] >>> [apiv2][body] POST https://cloudresourcemanager.googleapis.com/v1/projects/xd-soluction:testIamPermissions {"permissions":["firebase.projects.get"]}
[debug] [2025-04-14T23:14:51.674Z] <<< [apiv2][status] POST https://cloudresourcemanager.googleapis.com/v1/projects/xd-soluction:testIamPermissions 200
[debug] [2025-04-14T23:14:51.675Z] <<< [apiv2][body] POST https://cloudresourcemanager.googleapis.com/v1/projects/xd-soluction:testIamPermissions {"permissions":["firebase.projects.get"]}
[info] 
[info] Firestore Security Rules allow you to define how and when to allow
[info] requests. You can keep these rules in your project directory
[info] and publish them with firebase deploy.
[info] 
[debug] [2025-04-14T23:16:04.295Z] Checked if tokens are valid: true, expires at: 1744674645368
[debug] [2025-04-14T23:16:04.296Z] Checked if tokens are valid: true, expires at: 1744674645368
[debug] [2025-04-14T23:16:04.298Z] >>> [apiv2][query] GET https://firebaserules.googleapis.com/v1/projects/xd-soluction/releases pageSize=10&pageToken=
[debug] [2025-04-14T23:16:05.560Z] <<< [apiv2][status] GET https://firebaserules.googleapis.com/v1/projects/xd-soluction/releases 200
[debug] [2025-04-14T23:16:05.561Z] <<< [apiv2][body] GET https://firebaserules.googleapis.com/v1/projects/xd-soluction/releases {"releases":[{"name":"projects/xd-soluction/releases/cloud.firestore","rulesetName":"projects/xd-soluction/rulesets/505f1f04-cc19-4c40-a1d1-091d18b8e095","createTime":"2025-04-14T23:11:25.675866Z","updateTime":"2025-04-14T23:11:25.675866Z"}]}
[debug] [2025-04-14T23:16:05.562Z] Found ruleset: projects/xd-soluction/rulesets/505f1f04-cc19-4c40-a1d1-091d18b8e095
[debug] [2025-04-14T23:16:05.563Z] Checked if tokens are valid: true, expires at: 1744674645368
[debug] [2025-04-14T23:16:05.563Z] Checked if tokens are valid: true, expires at: 1744674645368
[debug] [2025-04-14T23:16:05.563Z] >>> [apiv2][query] GET https://firebaserules.googleapis.com/v1/projects/xd-soluction/rulesets/505f1f04-cc19-4c40-a1d1-091d18b8e095 [none]
[debug] [2025-04-14T23:16:06.508Z] <<< [apiv2][status] GET https://firebaserules.googleapis.com/v1/projects/xd-soluction/rulesets/505f1f04-cc19-4c40-a1d1-091d18b8e095 200
[debug] [2025-04-14T23:16:06.509Z] <<< [apiv2][body] GET https://firebaserules.googleapis.com/v1/projects/xd-soluction/rulesets/505f1f04-cc19-4c40-a1d1-091d18b8e095 [omitted]
[info] 
[info] Firestore indexes allow you to perform complex queries while
[info] maintaining performance that scales with the size of the result
[info] set. You can keep index definitions in your project directory
[info] and publish them with firebase deploy.
[info] 
[debug] [2025-04-14T23:16:07.888Z] Checked if tokens are valid: true, expires at: 1744674645368
[debug] [2025-04-14T23:16:07.889Z] Checked if tokens are valid: true, expires at: 1744674645368
[debug] [2025-04-14T23:16:07.891Z] Checked if tokens are valid: true, expires at: 1744674645368
[debug] [2025-04-14T23:16:07.892Z] Checked if tokens are valid: true, expires at: 1744674645368
[debug] [2025-04-14T23:16:07.893Z] >>> [apiv2][query] GET https://firestore.googleapis.com/v1/projects/xd-soluction/databases/(default)/collectionGroups/-/indexes [none]
[debug] [2025-04-14T23:16:07.910Z] >>> [apiv2][query] GET https://firestore.googleapis.com/v1/projects/xd-soluction/databases/(default)/collectionGroups/-/fields?filter=indexConfig.usesAncestorConfig=false OR ttlConfig:* [none]
[debug] [2025-04-14T23:16:08.151Z] <<< [apiv2][status] GET https://firestore.googleapis.com/v1/projects/xd-soluction/databases/(default)/collectionGroups/-/indexes 200
[debug] [2025-04-14T23:16:08.153Z] <<< [apiv2][body] GET https://firestore.googleapis.com/v1/projects/xd-soluction/databases/(default)/collectionGroups/-/indexes {}
[debug] [2025-04-14T23:16:08.352Z] <<< [apiv2][status] GET https://firestore.googleapis.com/v1/projects/xd-soluction/databases/(default)/collectionGroups/-/fields?filter=indexConfig.usesAncestorConfig=false OR ttlConfig:* 200
[debug] [2025-04-14T23:16:08.354Z] <<< [apiv2][body] GET https://firestore.googleapis.com/v1/projects/xd-soluction/databases/(default)/collectionGroups/-/fields?filter=indexConfig.usesAncestorConfig=false OR ttlConfig:* {"fields":[{"name":"projects/xd-soluction/databases/(default)/collectionGroups/__default__/fields/*","indexConfig":{"indexes":[{"queryScope":"COLLECTION","fields":[{"fieldPath":"*","order":"ASCENDING"}],"state":"READY"},{"queryScope":"COLLECTION","fields":[{"fieldPath":"*","order":"DESCENDING"}],"state":"READY"},{"queryScope":"COLLECTION","fields":[{"fieldPath":"*","arrayConfig":"CONTAINS"}],"state":"READY"}]}}]}
[info] 
=== Functions Setup
[debug] [2025-04-14T23:16:08.374Z] > command requires scopes: ["email","openid","https://www.googleapis.com/auth/cloudplatformprojects.readonly","https://www.googleapis.com/auth/firebase","https://www.googleapis.com/auth/cloud-platform"]
[debug] [2025-04-14T23:16:08.376Z] > authorizing via signed-in user (worldscreen07@gmail.com)
[debug] [2025-04-14T23:16:08.377Z] [iam] checking project xd-soluction for permissions ["firebase.projects.get"]
[debug] [2025-04-14T23:16:08.380Z] Checked if tokens are valid: true, expires at: 1744674645368
[debug] [2025-04-14T23:16:08.380Z] Checked if tokens are valid: true, expires at: 1744674645368
[debug] [2025-04-14T23:16:08.385Z] >>> [apiv2][query] POST https://cloudresourcemanager.googleapis.com/v1/projects/xd-soluction:testIamPermissions [none]
[debug] [2025-04-14T23:16:08.386Z] >>> [apiv2][(partial)header] POST https://cloudresourcemanager.googleapis.com/v1/projects/xd-soluction:testIamPermissions x-goog-quota-user=projects/xd-soluction
[debug] [2025-04-14T23:16:08.386Z] >>> [apiv2][body] POST https://cloudresourcemanager.googleapis.com/v1/projects/xd-soluction:testIamPermissions {"permissions":["firebase.projects.get"]}
[debug] [2025-04-14T23:16:09.303Z] <<< [apiv2][status] POST https://cloudresourcemanager.googleapis.com/v1/projects/xd-soluction:testIamPermissions 200
[debug] [2025-04-14T23:16:09.304Z] <<< [apiv2][body] POST https://cloudresourcemanager.googleapis.com/v1/projects/xd-soluction:testIamPermissions {"permissions":["firebase.projects.get"]}
[debug] [2025-04-14T23:16:09.306Z] Checked if tokens are valid: true, expires at: 1744674645368
[debug] [2025-04-14T23:16:09.307Z] Checked if tokens are valid: true, expires at: 1744674645368
[debug] [2025-04-14T23:16:09.309Z] Checked if tokens are valid: true, expires at: 1744674645368
[debug] [2025-04-14T23:16:09.309Z] Checked if tokens are valid: true, expires at: 1744674645368
[debug] [2025-04-14T23:16:09.311Z] >>> [apiv2][query] GET https://serviceusage.googleapis.com/v1/projects/xd-soluction/services/cloudfunctions.googleapis.com [none]
[debug] [2025-04-14T23:16:09.311Z] >>> [apiv2][(partial)header] GET https://serviceusage.googleapis.com/v1/projects/xd-soluction/services/cloudfunctions.googleapis.com x-goog-quota-user=projects/xd-soluction
[debug] [2025-04-14T23:16:09.323Z] >>> [apiv2][query] GET https://serviceusage.googleapis.com/v1/projects/xd-soluction/services/runtimeconfig.googleapis.com [none]
[debug] [2025-04-14T23:16:09.323Z] >>> [apiv2][(partial)header] GET https://serviceusage.googleapis.com/v1/projects/xd-soluction/services/runtimeconfig.googleapis.com x-goog-quota-user=projects/xd-soluction
[debug] [2025-04-14T23:16:10.414Z] <<< [apiv2][status] GET https://serviceusage.googleapis.com/v1/projects/xd-soluction/services/cloudfunctions.googleapis.com 200
[debug] [2025-04-14T23:16:10.415Z] <<< [apiv2][body] GET https://serviceusage.googleapis.com/v1/projects/xd-soluction/services/cloudfunctions.googleapis.com [omitted]
[debug] [2025-04-14T23:16:10.418Z] Checked if tokens are valid: true, expires at: 1744674645368
[debug] [2025-04-14T23:16:10.418Z] Checked if tokens are valid: true, expires at: 1744674645368
[debug] [2025-04-14T23:16:10.419Z] >>> [apiv2][query] POST https://serviceusage.googleapis.com/v1/projects/xd-soluction/services/cloudfunctions.googleapis.com:enable [none]
[debug] [2025-04-14T23:16:10.427Z] >>> [apiv2][(partial)header] POST https://serviceusage.googleapis.com/v1/projects/xd-soluction/services/cloudfunctions.googleapis.com:enable x-goog-quota-user=projects/xd-soluction
[debug] [2025-04-14T23:16:10.442Z] <<< [apiv2][status] GET https://serviceusage.googleapis.com/v1/projects/xd-soluction/services/runtimeconfig.googleapis.com 200
[debug] [2025-04-14T23:16:10.443Z] <<< [apiv2][body] GET https://serviceusage.googleapis.com/v1/projects/xd-soluction/services/runtimeconfig.googleapis.com [omitted]
[debug] [2025-04-14T23:16:11.794Z] <<< [apiv2][status] POST https://serviceusage.googleapis.com/v1/projects/xd-soluction/services/cloudfunctions.googleapis.com:enable 200
[debug] [2025-04-14T23:16:11.795Z] <<< [apiv2][body] POST https://serviceusage.googleapis.com/v1/projects/xd-soluction/services/cloudfunctions.googleapis.com:enable [omitted]
[debug] [2025-04-14T23:16:21.799Z] Checked if tokens are valid: true, expires at: 1744674645368
[debug] [2025-04-14T23:16:21.800Z] Checked if tokens are valid: true, expires at: 1744674645368
[debug] [2025-04-14T23:16:21.800Z] >>> [apiv2][query] GET https://serviceusage.googleapis.com/v1/projects/xd-soluction/services/cloudfunctions.googleapis.com [none]
[debug] [2025-04-14T23:16:21.800Z] >>> [apiv2][(partial)header] GET https://serviceusage.googleapis.com/v1/projects/xd-soluction/services/cloudfunctions.googleapis.com x-goog-quota-user=projects/xd-soluction
[debug] [2025-04-14T23:16:22.845Z] <<< [apiv2][status] GET https://serviceusage.googleapis.com/v1/projects/xd-soluction/services/cloudfunctions.googleapis.com 200
[debug] [2025-04-14T23:16:22.845Z] <<< [apiv2][body] GET https://serviceusage.googleapis.com/v1/projects/xd-soluction/services/cloudfunctions.googleapis.com [omitted]
[info] Let's create a new codebase for your functions.
[info] A directory corresponding to the codebase will be created in your project
[info] with sample code pre-configured.

[info] See https://firebase.google.com/docs/functions/organize-functions for
[info] more information on organizing your functions using codebases.

[info] Functions can be deployed with firebase deploy.

[info] +  Wrote functions/requirements.txt 
[info] +  Wrote functions/.gitignore 
[info] +  Wrote functions/main.py 
[debug] [2025-04-14T23:22:41.867Z] Running command with virtualenv: command="C:\Users\jrlom\OneDrive\Área de Trabalho\XD\functions\venv\Scripts\activate.bat", args=["","&&","pip3","install","--upgrade","pip"]
[debug] [2025-04-14T23:22:55.411Z] Error: spawn "C:\Users\jrlom\OneDrive\Área de Trabalho\XD\functions\venv\Scripts\activate.bat" ENOENT
    at notFoundError (C:\Users\jrlom\AppData\Roaming\npm\node_modules\firebase-tools\node_modules\cross-spawn\lib\enoent.js:6:26)
    at verifyENOENT (C:\Users\jrlom\AppData\Roaming\npm\node_modules\firebase-tools\node_modules\cross-spawn\lib\enoent.js:40:16)
    at cp.emit (C:\Users\jrlom\AppData\Roaming\npm\node_modules\firebase-tools\node_modules\cross-spawn\lib\enoent.js:27:25)
    at ChildProcess._handle.onexit (node:internal/child_process:294:12)
[error] 
[error] Error: An unexpected error has occurred.
[debug] [2025-04-15T21:55:52.743Z] ----------------------------------------------------------------------
[debug] [2025-04-15T21:55:52.789Z] Command:       C:\Program Files\nodejs\node.exe C:\Users\jrlom\AppData\Roaming\npm\node_modules\firebase-tools\lib\bin\firebase.js init
[debug] [2025-04-15T21:55:52.793Z] CLI Version:   14.1.0
[debug] [2025-04-15T21:55:52.795Z] Platform:      win32
[debug] [2025-04-15T21:55:52.796Z] Node Version:  v20.12.2
[debug] [2025-04-15T21:55:52.798Z] Time:          Tue Apr 15 2025 18:55:52 GMT-0300 (Horário Padrão de Brasília)
[debug] [2025-04-15T21:55:52.800Z] ----------------------------------------------------------------------
[debug] 
[debug] [2025-04-15T21:55:52.894Z] > command requires scopes: ["email","openid","https://www.googleapis.com/auth/cloudplatformprojects.readonly","https://www.googleapis.com/auth/firebase","https://www.googleapis.com/auth/cloud-platform"]
[debug] [2025-04-15T21:55:52.907Z] > authorizing via signed-in user (worldscreen07@gmail.com)
[info] 
     ######## #### ########  ######## ########     ###     ######  ########
     ##        ##  ##     ## ##       ##     ##  ##   ##  ##       ##
     ######    ##  ########  ######   ########  #########  ######  ######
     ##        ##  ##    ##  ##       ##     ## ##     ##       ## ##
     ##       #### ##     ## ######## ########  ##     ##  ######  ########

You're about to initialize a Firebase project in this directory:

  C:\Users\jrlom\OneDrive\Área de Trabalho\XD

[info] 
=== Project Setup
[info] 
[info] First, let's associate this project directory with a Firebase project.
[info] You can create multiple project aliases by running firebase use --add, 
[info] but for now we'll just set up a default project.
[info] 
[debug] [2025-04-15T21:56:24.070Z] Checked if tokens are valid: false, expires at: 1744674645368
[debug] [2025-04-15T21:56:24.087Z] Checked if tokens are valid: false, expires at: 1744674645368
[debug] [2025-04-15T21:56:24.094Z] > refreshing access token with scopes: []
[debug] [2025-04-15T21:56:24.130Z] >>> [apiv2][query] POST https://www.googleapis.com/oauth2/v3/token [none]
[debug] [2025-04-15T21:56:24.132Z] >>> [apiv2][body] POST https://www.googleapis.com/oauth2/v3/token [omitted]
[debug] [2025-04-15T21:56:25.109Z] <<< [apiv2][status] POST https://www.googleapis.com/oauth2/v3/token 200
[debug] [2025-04-15T21:56:25.110Z] <<< [apiv2][body] POST https://www.googleapis.com/oauth2/v3/token [omitted]
[debug] [2025-04-15T21:56:25.200Z] >>> [apiv2][query] GET https://firebase.googleapis.com/v1beta1/projects pageSize=100
[debug] [2025-04-15T21:56:26.101Z] <<< [apiv2][status] GET https://firebase.googleapis.com/v1beta1/projects 200
[debug] [2025-04-15T21:56:26.103Z] <<< [apiv2][body] GET https://firebase.googleapis.com/v1beta1/projects [omitted]
[info] i  Using project xd-soluction (XD SOLUCTION) 
[info] 
=== Firestore Setup
[debug] [2025-04-15T21:56:28.129Z] Checked if tokens are valid: true, expires at: 1744757784112
[debug] [2025-04-15T21:56:28.132Z] Checked if tokens are valid: true, expires at: 1744757784112
[debug] [2025-04-15T21:56:28.134Z] >>> [apiv2][query] GET https://serviceusage.googleapis.com/v1/projects/xd-soluction/services/firestore.googleapis.com [none]
[debug] [2025-04-15T21:56:28.135Z] >>> [apiv2][(partial)header] GET https://serviceusage.googleapis.com/v1/projects/xd-soluction/services/firestore.googleapis.com x-goog-quota-user=projects/xd-soluction
[debug] [2025-04-15T21:56:29.265Z] <<< [apiv2][status] GET https://serviceusage.googleapis.com/v1/projects/xd-soluction/services/firestore.googleapis.com 200
[debug] [2025-04-15T21:56:29.267Z] <<< [apiv2][body] GET https://serviceusage.googleapis.com/v1/projects/xd-soluction/services/firestore.googleapis.com [omitted]
[debug] [2025-04-15T21:56:29.270Z] Checked if tokens are valid: true, expires at: 1744757784112
[debug] [2025-04-15T21:56:29.272Z] Checked if tokens are valid: true, expires at: 1744757784112
[debug] [2025-04-15T21:56:29.273Z] >>> [apiv2][query] GET https://firestore.googleapis.com/v1/projects/xd-soluction/databases/(default) [none]
[debug] [2025-04-15T21:56:29.623Z] <<< [apiv2][status] GET https://firestore.googleapis.com/v1/projects/xd-soluction/databases/(default) 200
[debug] [2025-04-15T21:56:29.625Z] <<< [apiv2][body] GET https://firestore.googleapis.com/v1/projects/xd-soluction/databases/(default) {"name":"projects/xd-soluction/databases/(default)","uid":"437b7b83-dcb4-42b3-80dd-e9bbeb21cdcd","createTime":"2025-04-14T23:11:17.855033Z","updateTime":"2025-04-14T23:11:17.855033Z","locationId":"southamerica-east1","type":"FIRESTORE_NATIVE","concurrencyMode":"PESSIMISTIC","versionRetentionPeriod":"3600s","earliestVersionTime":"2025-04-15T20:56:29.588137Z","appEngineIntegrationMode":"DISABLED","keyPrefix":"i","pointInTimeRecoveryEnablement":"POINT_IN_TIME_RECOVERY_DISABLED","deleteProtectionState":"DELETE_PROTECTION_DISABLED","databaseEdition":"STANDARD","freeTier":true,"etag":"IIqow+2D24wDMOqKkebT2IwD"}
[debug] [2025-04-15T21:56:29.625Z] database_type: FIRESTORE_NATIVE
[debug] [2025-04-15T21:56:29.626Z] database_type: FIRESTORE_NATIVE
[debug] [2025-04-15T21:56:29.628Z] > command requires scopes: ["email","openid","https://www.googleapis.com/auth/cloudplatformprojects.readonly","https://www.googleapis.com/auth/firebase","https://www.googleapis.com/auth/cloud-platform"]
[debug] [2025-04-15T21:56:29.630Z] > authorizing via signed-in user (worldscreen07@gmail.com)
[debug] [2025-04-15T21:56:29.631Z] [iam] checking project xd-soluction for permissions ["firebase.projects.get"]
[debug] [2025-04-15T21:56:29.642Z] Checked if tokens are valid: true, expires at: 1744757784112
[debug] [2025-04-15T21:56:29.643Z] Checked if tokens are valid: true, expires at: 1744757784112
[debug] [2025-04-15T21:56:29.644Z] >>> [apiv2][query] POST https://cloudresourcemanager.googleapis.com/v1/projects/xd-soluction:testIamPermissions [none]
[debug] [2025-04-15T21:56:29.645Z] >>> [apiv2][(partial)header] POST https://cloudresourcemanager.googleapis.com/v1/projects/xd-soluction:testIamPermissions x-goog-quota-user=projects/xd-soluction
[debug] [2025-04-15T21:56:29.646Z] >>> [apiv2][body] POST https://cloudresourcemanager.googleapis.com/v1/projects/xd-soluction:testIamPermissions {"permissions":["firebase.projects.get"]}
[debug] [2025-04-15T21:56:30.009Z] <<< [apiv2][status] POST https://cloudresourcemanager.googleapis.com/v1/projects/xd-soluction:testIamPermissions 200
[debug] [2025-04-15T21:56:30.011Z] <<< [apiv2][body] POST https://cloudresourcemanager.googleapis.com/v1/projects/xd-soluction:testIamPermissions {"permissions":["firebase.projects.get"]}
[info] 
[info] Firestore Security Rules allow you to define how and when to allow
[info] requests. You can keep these rules in your project directory
[info] and publish them with firebase deploy.
[info] 
[debug] [2025-04-15T21:56:44.241Z] Checked if tokens are valid: true, expires at: 1744757784112
[debug] [2025-04-15T21:56:44.242Z] Checked if tokens are valid: true, expires at: 1744757784112
[debug] [2025-04-15T21:56:44.244Z] >>> [apiv2][query] GET https://firebaserules.googleapis.com/v1/projects/xd-soluction/releases pageSize=10&pageToken=
[debug] [2025-04-15T21:56:45.524Z] <<< [apiv2][status] GET https://firebaserules.googleapis.com/v1/projects/xd-soluction/releases 200
[debug] [2025-04-15T21:56:45.525Z] <<< [apiv2][body] GET https://firebaserules.googleapis.com/v1/projects/xd-soluction/releases {"releases":[{"name":"projects/xd-soluction/releases/cloud.firestore","rulesetName":"projects/xd-soluction/rulesets/505f1f04-cc19-4c40-a1d1-091d18b8e095","createTime":"2025-04-14T23:11:25.675866Z","updateTime":"2025-04-14T23:11:25.675866Z"}]}
[debug] [2025-04-15T21:56:45.526Z] Found ruleset: projects/xd-soluction/rulesets/505f1f04-cc19-4c40-a1d1-091d18b8e095
[debug] [2025-04-15T21:56:45.528Z] Checked if tokens are valid: true, expires at: 1744757784112
[debug] [2025-04-15T21:56:45.529Z] Checked if tokens are valid: true, expires at: 1744757784112
[debug] [2025-04-15T21:56:45.531Z] >>> [apiv2][query] GET https://firebaserules.googleapis.com/v1/projects/xd-soluction/rulesets/505f1f04-cc19-4c40-a1d1-091d18b8e095 [none]
[debug] [2025-04-15T21:56:46.557Z] <<< [apiv2][status] GET https://firebaserules.googleapis.com/v1/projects/xd-soluction/rulesets/505f1f04-cc19-4c40-a1d1-091d18b8e095 200
[debug] [2025-04-15T21:56:46.559Z] <<< [apiv2][body] GET https://firebaserules.googleapis.com/v1/projects/xd-soluction/rulesets/505f1f04-cc19-4c40-a1d1-091d18b8e095 [omitted]
[info] 
[info] Firestore indexes allow you to perform complex queries while
[info] maintaining performance that scales with the size of the result
[info] set. You can keep index definitions in your project directory
[info] and publish them with firebase deploy.
[info] 
[debug] [2025-04-15T21:56:55.516Z] Checked if tokens are valid: true, expires at: 1744757784112
[debug] [2025-04-15T21:56:55.516Z] Checked if tokens are valid: true, expires at: 1744757784112
[debug] [2025-04-15T21:56:55.519Z] Checked if tokens are valid: true, expires at: 1744757784112
[debug] [2025-04-15T21:56:55.519Z] Checked if tokens are valid: true, expires at: 1744757784112
[debug] [2025-04-15T21:56:55.520Z] >>> [apiv2][query] GET https://firestore.googleapis.com/v1/projects/xd-soluction/databases/(default)/collectionGroups/-/indexes [none]
[debug] [2025-04-15T21:56:55.529Z] >>> [apiv2][query] GET https://firestore.googleapis.com/v1/projects/xd-soluction/databases/(default)/collectionGroups/-/fields?filter=indexConfig.usesAncestorConfig=false OR ttlConfig:* [none]
[debug] [2025-04-15T21:56:55.731Z] <<< [apiv2][status] GET https://firestore.googleapis.com/v1/projects/xd-soluction/databases/(default)/collectionGroups/-/indexes 200
[debug] [2025-04-15T21:56:55.732Z] <<< [apiv2][body] GET https://firestore.googleapis.com/v1/projects/xd-soluction/databases/(default)/collectionGroups/-/indexes {}
[debug] [2025-04-15T21:56:55.811Z] <<< [apiv2][status] GET https://firestore.googleapis.com/v1/projects/xd-soluction/databases/(default)/collectionGroups/-/fields?filter=indexConfig.usesAncestorConfig=false OR ttlConfig:* 200
[debug] [2025-04-15T21:56:55.812Z] <<< [apiv2][body] GET https://firestore.googleapis.com/v1/projects/xd-soluction/databases/(default)/collectionGroups/-/fields?filter=indexConfig.usesAncestorConfig=false OR ttlConfig:* {"fields":[{"name":"projects/xd-soluction/databases/(default)/collectionGroups/__default__/fields/*","indexConfig":{"indexes":[{"queryScope":"COLLECTION","fields":[{"fieldPath":"*","order":"ASCENDING"}],"state":"READY"},{"queryScope":"COLLECTION","fields":[{"fieldPath":"*","order":"DESCENDING"}],"state":"READY"},{"queryScope":"COLLECTION","fields":[{"fieldPath":"*","arrayConfig":"CONTAINS"}],"state":"READY"}]}}]}
[info] 
=== Functions Setup
[debug] [2025-04-15T21:56:55.827Z] > command requires scopes: ["email","openid","https://www.googleapis.com/auth/cloudplatformprojects.readonly","https://www.googleapis.com/auth/firebase","https://www.googleapis.com/auth/cloud-platform"]
[debug] [2025-04-15T21:56:55.829Z] > authorizing via signed-in user (worldscreen07@gmail.com)
[debug] [2025-04-15T21:56:55.831Z] [iam] checking project xd-soluction for permissions ["firebase.projects.get"]
[debug] [2025-04-15T21:56:55.833Z] Checked if tokens are valid: true, expires at: 1744757784112
[debug] [2025-04-15T21:56:55.837Z] Checked if tokens are valid: true, expires at: 1744757784112
[debug] [2025-04-15T21:56:55.839Z] >>> [apiv2][query] POST https://cloudresourcemanager.googleapis.com/v1/projects/xd-soluction:testIamPermissions [none]
[debug] [2025-04-15T21:56:55.840Z] >>> [apiv2][(partial)header] POST https://cloudresourcemanager.googleapis.com/v1/projects/xd-soluction:testIamPermissions x-goog-quota-user=projects/xd-soluction
[debug] [2025-04-15T21:56:55.841Z] >>> [apiv2][body] POST https://cloudresourcemanager.googleapis.com/v1/projects/xd-soluction:testIamPermissions {"permissions":["firebase.projects.get"]}
[debug] [2025-04-15T21:56:56.775Z] <<< [apiv2][status] POST https://cloudresourcemanager.googleapis.com/v1/projects/xd-soluction:testIamPermissions 200
[debug] [2025-04-15T21:56:56.777Z] <<< [apiv2][body] POST https://cloudresourcemanager.googleapis.com/v1/projects/xd-soluction:testIamPermissions {"permissions":["firebase.projects.get"]}
[debug] [2025-04-15T21:56:56.780Z] Checked if tokens are valid: true, expires at: 1744757784112
[debug] [2025-04-15T21:56:56.781Z] Checked if tokens are valid: true, expires at: 1744757784112
[debug] [2025-04-15T21:56:56.782Z] Checked if tokens are valid: true, expires at: 1744757784112
[debug] [2025-04-15T21:56:56.783Z] Checked if tokens are valid: true, expires at: 1744757784112
[debug] [2025-04-15T21:56:56.785Z] >>> [apiv2][query] GET https://serviceusage.googleapis.com/v1/projects/xd-soluction/services/cloudfunctions.googleapis.com [none]
[debug] [2025-04-15T21:56:56.786Z] >>> [apiv2][(partial)header] GET https://serviceusage.googleapis.com/v1/projects/xd-soluction/services/cloudfunctions.googleapis.com x-goog-quota-user=projects/xd-soluction
[debug] [2025-04-15T21:56:56.808Z] >>> [apiv2][query] GET https://serviceusage.googleapis.com/v1/projects/xd-soluction/services/runtimeconfig.googleapis.com [none]
[debug] [2025-04-15T21:56:56.809Z] >>> [apiv2][(partial)header] GET https://serviceusage.googleapis.com/v1/projects/xd-soluction/services/runtimeconfig.googleapis.com x-goog-quota-user=projects/xd-soluction
[debug] [2025-04-15T21:56:57.888Z] <<< [apiv2][status] GET https://serviceusage.googleapis.com/v1/projects/xd-soluction/services/cloudfunctions.googleapis.com 200
[debug] [2025-04-15T21:56:57.889Z] <<< [apiv2][body] GET https://serviceusage.googleapis.com/v1/projects/xd-soluction/services/cloudfunctions.googleapis.com [omitted]
[debug] [2025-04-15T21:56:57.892Z] <<< [apiv2][status] GET https://serviceusage.googleapis.com/v1/projects/xd-soluction/services/runtimeconfig.googleapis.com 200
[debug] [2025-04-15T21:56:57.893Z] <<< [apiv2][body] GET https://serviceusage.googleapis.com/v1/projects/xd-soluction/services/runtimeconfig.googleapis.com [omitted]
[info] Let's create a new codebase for your functions.
[info] A directory corresponding to the codebase will be created in your project
[info] with sample code pre-configured.

[info] See https://firebase.google.com/docs/functions/organize-functions for
[info] more information on organizing your functions using codebases.

[info] Functions can be deployed with firebase deploy.

[info] i  functions/requirements.txt is unchanged 
[info] i  functions/.gitignore is unchanged 
[info] i  functions/main.py is unchanged 
[debug] [2025-04-15T21:57:52.926Z] Running command with virtualenv: command="C:\Users\jrlom\OneDrive\Área de Trabalho\XD\functions\venv\Scripts\activate.bat", args=["","&&","pip3","install","--upgrade","pip"]
[debug] [2025-04-15T21:58:23.282Z] Error: spawn "C:\Users\jrlom\OneDrive\Área de Trabalho\XD\functions\venv\Scripts\activate.bat" ENOENT
    at notFoundError (C:\Users\jrlom\AppData\Roaming\npm\node_modules\firebase-tools\node_modules\cross-spawn\lib\enoent.js:6:26)
    at verifyENOENT (C:\Users\jrlom\AppData\Roaming\npm\node_modules\firebase-tools\node_modules\cross-spawn\lib\enoent.js:40:16)
    at cp.emit (C:\Users\jrlom\AppData\Roaming\npm\node_modules\firebase-tools\node_modules\cross-spawn\lib\enoent.js:27:25)
    at ChildProcess._handle.onexit (node:internal/child_process:294:12)
[error] 
[error] Error: An unexpected error has occurred.
